# JRE version: Java(TM) SE Runtime Environment (9.0+11) (build 9.0.4+11)
# Java VM: Java HotSpot(TM) 64-Bit Server VM (9.0.4+11, mixed mode, tiered, compressed oops, g1 gc, windows-amd64)
Heap:
 garbage-first heap   total 236544K, used 152097K [0x0000000700000000, 0x0000000700100738, 0x00000007c0000000)
  region size 1024K, 60 young (61440K), 1 survivors (1024K)
 Metaspace       used 89261K, capacity 95747K, committed 96028K, reserved 1132544K
  class space    used 12097K, capacity 13236K, committed 13340K, reserved 1048576K
GC Heap History (10 events):
Event: 2207.212 GC heap before
{Heap before GC invocations=440 (full 140):
 garbage-first heap   total 236544K, used 148585K [0x0000000700000000, 0x0000000700100738, 0x00000007c0000000)
  region size 1024K, 60 young (61440K), 1 survivors (1024K)
 Metaspace       used 89245K, capacity 95747K, committed 96028K, reserved 1132544K
  class space    used 12097K, capacity 13236K, committed 13340K, reserved 1048576K
}
Event: 2207.213 GC heap after
{Heap after GC invocations=441 (full 140):
 garbage-first heap   total 236544K, used 87993K [0x0000000700000000, 0x0000000700100738, 0x00000007c0000000)
  region size 1024K, 1 young (1024K), 1 survivors (1024K)
 Metaspace       used 89245K, capacity 95747K, committed 96028K, reserved 1132544K
  class space    used 12097K, capacity 13236K, committed 13340K, reserved 1048576K
}
Event: 2209.690 GC heap before
{Heap before GC invocations=441 (full 140):
 garbage-first heap   total 236544K, used 148409K [0x0000000700000000, 0x0000000700100738, 0x00000007c0000000)
  region size 1024K, 60 young (61440K), 1 survivors (1024K)
 Metaspace       used 89247K, capacity 95747K, committed 96028K, reserved 1132544K
  class space    used 12097K, capacity 13236K, committed 13340K, reserved 1048576K
}
Event: 2209.692 GC heap after
{Heap after GC invocations=442 (full 140):
 garbage-first heap   total 236544K, used 88160K [0x0000000700000000, 0x0000000700100738, 0x00000007c0000000)
  region size 1024K, 1 young (1024K), 1 survivors (1024K)
 Metaspace       used 89247K, capacity 95747K, committed 96028K, reserved 1132544K
  class space    used 12097K, capacity 13236K, committed 13340K, reserved 1048576K
}
Event: 2212.660 GC heap before
{Heap before GC invocations=442 (full 140):
 garbage-first heap   total 236544K, used 148576K [0x0000000700000000, 0x0000000700100738, 0x00000007c0000000)
  region size 1024K, 60 young (61440K), 1 survivors (1024K)
 Metaspace       used 89252K, capacity 95747K, committed 96028K, reserved 1132544K
  class space    used 12097K, capacity 13236K, committed 13340K, reserved 1048576K
}
Event: 2212.661 GC heap after
{Heap after GC invocations=443 (full 140):
 garbage-first heap   total 236544K, used 88103K [0x0000000700000000, 0x0000000700100738, 0x00000007c0000000)
  region size 1024K, 1 young (1024K), 1 survivors (1024K)
 Metaspace       used 89252K, capacity 95747K, committed 96028K, reserved 1132544K
  class space    used 12097K, capacity 13236K, committed 13340K, reserved 1048576K
}
Event: 2215.073 GC heap before
{Heap before GC invocations=443 (full 140):
 garbage-first heap   total 236544K, used 148519K [0x0000000700000000, 0x0000000700100738, 0x00000007c0000000)
  region size 1024K, 60 young (61440K), 1 survivors (1024K)
 Metaspace       used 89257K, capacity 95747K, committed 96028K, reserved 1132544K
  class space    used 12097K, capacity 13236K, committed 13340K, reserved 1048576K
}
Event: 2215.075 GC heap after
{Heap after GC invocations=444 (full 140):
 garbage-first heap   total 236544K, used 88067K [0x0000000700000000, 0x0000000700100738, 0x00000007c0000000)
  region size 1024K, 1 young (1024K), 1 survivors (1024K)
 Metaspace       used 89257K, capacity 95747K, committed 96028K, reserved 1132544K
  class space    used 12097K, capacity 13236K, committed 13340K, reserved 1048576K
}
Event: 2218.418 GC heap before
{Heap before GC invocations=444 (full 140):
 garbage-first heap   total 236544K, used 152579K [0x0000000700000000, 0x0000000700100738, 0x00000007c0000000)
  region size 1024K, 60 young (61440K), 1 survivors (1024K)
 Metaspace       used 89258K, capacity 95747K, committed 96028K, reserved 1132544K
  class space    used 12097K, capacity 13236K, committed 13340K, reserved 1048576K
}
Event: 2218.420 GC heap after
{Heap after GC invocations=445 (full 140):
 garbage-first heap   total 236544K, used 92705K [0x0000000700000000, 0x0000000700100738, 0x00000007c0000000)
  region size 1024K, 1 young (1024K), 1 survivors (1024K)
 Metaspace       used 89258K, capacity 95747K, committed 96028K, reserved 1132544K
  class space    used 12097K, capacity 13236K, committed 13340K, reserved 1048576K
}

